<?xml version="1.0" encoding="UTF-8"?>
<beans xmlns="http://www.springframework.org/schema/beans"
	xmlns:xsi="http://www.w3.org/2001/XMLSchema-instance"
	xmlns:c="http://www.springframework.org/schema/c"
	xmlns:context="http://www.springframework.org/schema/context"
	xmlns:mvc="http://www.springframework.org/schema/mvc"
	xmlns:p="http://www.springframework.org/schema/p"
	xsi:schemaLocation="http://www.springframework.org/schema/mvc http://www.springframework.org/schema/mvc/spring-mvc-4.3.xsd
		http://www.springframework.org/schema/beans http://www.springframework.org/schema/beans/spring-beans.xsd
		http://www.springframework.org/schema/context http://www.springframework.org/schema/context/spring-context-4.3.xsd">
	
	
	<mvc:annotation-driven/>
	
	<!-- 업로드 패스 설정 -->
	<!-- <bean id="uploadPath" class="java.lang.String">
		<constructor-arg value="C:/funthing/project/.metadata/.plugins/org.eclipse.wst.server.core/tmp0/wtpwebapps/funthing/resources/user/" />
	</bean> -->

	<mvc:resources location="/resources/" mapping="/resources/**"/>
	
	<bean id="viewResolver" class="org.springframework.web.servlet.view.InternalResourceViewResolver">
		<property name = "prefix" value="/WEB-INF/views/userViews/testViews/"/>
		<property name = "suffix" value=".jsp"/>
	</bean>
	
	
	<!-- MultipartResover --> 
	<bean id="multipartResolver"
		class="org.springframework.web.multipart.commons.CommonsMultipartResolver"
		lazy-init="false">
		<property name="maxUploadSize" value="1000000000000" />
	</bean>
	
	<context:component-scan base-package="com.team5.funthing"/>

</beans>
